mode: set
github.com/k1v4/avito_shop/cmd/main/main.go:21.13,29.16 6 0
github.com/k1v4/avito_shop/cmd/main/main.go:29.16,32.3 2 0
github.com/k1v4/avito_shop/cmd/main/main.go:34.2,35.16 2 0
github.com/k1v4/avito_shop/cmd/main/main.go:35.16,37.3 1 0
github.com/k1v4/avito_shop/cmd/main/main.go:39.2,50.16 4 0
github.com/k1v4/avito_shop/cmd/main/main.go:50.16,52.3 1 0
github.com/k1v4/avito_shop/cmd/main/main.go:53.2,75.9 9 0
github.com/k1v4/avito_shop/cmd/main/main.go:76.24,77.54 1 0
github.com/k1v4/avito_shop/cmd/main/main.go:78.35,79.75 1 0
github.com/k1v4/avito_shop/cmd/main/main.go:83.2,84.16 2 0
github.com/k1v4/avito_shop/cmd/main/main.go:84.16,86.3 1 0
github.com/k1v4/avito_shop/internal/config/config.go:17.31,19.19 2 0
github.com/k1v4/avito_shop/internal/config/config.go:19.19,20.16 1 0
github.com/k1v4/avito_shop/internal/config/config.go:23.2,25.16 3 0
github.com/k1v4/avito_shop/internal/config/config.go:25.16,26.13 1 0
github.com/k1v4/avito_shop/internal/config/config.go:29.2,29.13 1 0
github.com/k1v4/avito_shop/internal/entity/InfoResponse.go:11.56,13.2 1 0
github.com/k1v4/avito_shop/internal/entity/InfoResponse.go:15.59,17.2 1 0
github.com/k1v4/avito_shop/internal/usecase/repository/shop.go:20.63,24.2 1 0
github.com/k1v4/avito_shop/internal/usecase/repository/shop.go:26.103,34.16 3 0
github.com/k1v4/avito_shop/internal/usecase/repository/shop.go:34.16,36.3 1 0
github.com/k1v4/avito_shop/internal/usecase/repository/shop.go:38.2,40.16 3 0
github.com/k1v4/avito_shop/internal/usecase/repository/shop.go:40.16,42.3 1 0
github.com/k1v4/avito_shop/internal/usecase/repository/shop.go:44.2,44.16 1 0
github.com/k1v4/avito_shop/internal/usecase/repository/shop.go:47.94,54.16 3 0
github.com/k1v4/avito_shop/internal/usecase/repository/shop.go:54.16,56.3 1 0
github.com/k1v4/avito_shop/internal/usecase/repository/shop.go:58.2,60.16 3 0
github.com/k1v4/avito_shop/internal/usecase/repository/shop.go:60.16,61.36 1 0
github.com/k1v4/avito_shop/internal/usecase/repository/shop.go:61.36,63.4 1 0
github.com/k1v4/avito_shop/internal/usecase/repository/shop.go:65.3,65.54 1 0
github.com/k1v4/avito_shop/internal/usecase/repository/shop.go:68.2,68.18 1 0
github.com/k1v4/avito_shop/internal/usecase/repository/shop.go:71.91,79.16 3 0
github.com/k1v4/avito_shop/internal/usecase/repository/shop.go:79.16,81.3 1 0
github.com/k1v4/avito_shop/internal/usecase/repository/shop.go:83.2,84.16 2 0
github.com/k1v4/avito_shop/internal/usecase/repository/shop.go:84.16,86.3 1 0
github.com/k1v4/avito_shop/internal/usecase/repository/shop.go:88.2,88.12 1 0
github.com/k1v4/avito_shop/internal/usecase/repository/shop.go:91.97,98.16 3 0
github.com/k1v4/avito_shop/internal/usecase/repository/shop.go:98.16,100.3 1 0
github.com/k1v4/avito_shop/internal/usecase/repository/shop.go:102.2,103.16 2 0
github.com/k1v4/avito_shop/internal/usecase/repository/shop.go:103.16,105.3 1 0
github.com/k1v4/avito_shop/internal/usecase/repository/shop.go:107.2,108.18 2 0
github.com/k1v4/avito_shop/internal/usecase/repository/shop.go:108.18,111.17 3 0
github.com/k1v4/avito_shop/internal/usecase/repository/shop.go:111.17,113.4 1 0
github.com/k1v4/avito_shop/internal/usecase/repository/shop.go:115.3,115.38 1 0
github.com/k1v4/avito_shop/internal/usecase/repository/shop.go:118.2,120.8 1 0
github.com/k1v4/avito_shop/internal/usecase/repository/shop.go:123.99,130.16 3 0
github.com/k1v4/avito_shop/internal/usecase/repository/shop.go:130.16,132.3 1 0
github.com/k1v4/avito_shop/internal/usecase/repository/shop.go:134.2,136.16 3 0
github.com/k1v4/avito_shop/internal/usecase/repository/shop.go:136.16,137.36 1 0
github.com/k1v4/avito_shop/internal/usecase/repository/shop.go:137.36,139.4 1 0
github.com/k1v4/avito_shop/internal/usecase/repository/shop.go:141.3,141.54 1 0
github.com/k1v4/avito_shop/internal/usecase/repository/shop.go:144.2,144.18 1 0
github.com/k1v4/avito_shop/internal/usecase/repository/shop.go:147.87,154.16 3 0
github.com/k1v4/avito_shop/internal/usecase/repository/shop.go:154.16,156.3 1 0
github.com/k1v4/avito_shop/internal/usecase/repository/shop.go:158.2,160.16 3 0
github.com/k1v4/avito_shop/internal/usecase/repository/shop.go:160.16,161.36 1 0
github.com/k1v4/avito_shop/internal/usecase/repository/shop.go:161.36,163.4 1 0
github.com/k1v4/avito_shop/internal/usecase/repository/shop.go:165.3,165.43 1 0
github.com/k1v4/avito_shop/internal/usecase/repository/shop.go:168.2,168.17 1 0
github.com/k1v4/avito_shop/internal/usecase/repository/shop.go:171.92,179.16 3 0
github.com/k1v4/avito_shop/internal/usecase/repository/shop.go:179.16,181.3 1 0
github.com/k1v4/avito_shop/internal/usecase/repository/shop.go:183.2,185.16 3 0
github.com/k1v4/avito_shop/internal/usecase/repository/shop.go:185.16,186.36 1 0
github.com/k1v4/avito_shop/internal/usecase/repository/shop.go:186.36,188.4 1 0
github.com/k1v4/avito_shop/internal/usecase/repository/shop.go:190.3,190.54 1 0
github.com/k1v4/avito_shop/internal/usecase/repository/shop.go:193.2,193.18 1 0
github.com/k1v4/avito_shop/internal/usecase/repository/shop.go:197.87,205.16 3 0
github.com/k1v4/avito_shop/internal/usecase/repository/shop.go:205.16,207.3 1 0
github.com/k1v4/avito_shop/internal/usecase/repository/shop.go:209.2,210.16 2 0
github.com/k1v4/avito_shop/internal/usecase/repository/shop.go:210.16,212.3 1 0
github.com/k1v4/avito_shop/internal/usecase/repository/shop.go:214.2,214.12 1 0
github.com/k1v4/avito_shop/internal/usecase/repository/shop.go:217.98,224.16 3 0
github.com/k1v4/avito_shop/internal/usecase/repository/shop.go:224.16,226.3 1 0
github.com/k1v4/avito_shop/internal/usecase/repository/shop.go:228.2,229.16 2 0
github.com/k1v4/avito_shop/internal/usecase/repository/shop.go:229.16,231.3 1 0
github.com/k1v4/avito_shop/internal/usecase/repository/shop.go:233.2,233.12 1 0
github.com/k1v4/avito_shop/internal/usecase/repository/shop.go:236.103,246.16 3 0
github.com/k1v4/avito_shop/internal/usecase/repository/shop.go:246.16,248.3 1 0
github.com/k1v4/avito_shop/internal/usecase/repository/shop.go:250.2,251.16 2 0
github.com/k1v4/avito_shop/internal/usecase/repository/shop.go:251.16,253.3 1 0
github.com/k1v4/avito_shop/internal/usecase/repository/shop.go:255.2,256.18 2 0
github.com/k1v4/avito_shop/internal/usecase/repository/shop.go:256.18,260.17 3 0
github.com/k1v4/avito_shop/internal/usecase/repository/shop.go:260.17,262.4 1 0
github.com/k1v4/avito_shop/internal/usecase/repository/shop.go:264.3,264.30 1 0
github.com/k1v4/avito_shop/internal/usecase/repository/shop.go:267.2,267.19 1 0
github.com/k1v4/avito_shop/internal/usecase/mocks/IShopRepository.go:18.101,21.19 2 0
github.com/k1v4/avito_shop/internal/usecase/mocks/IShopRepository.go:21.19,22.49 1 0
github.com/k1v4/avito_shop/internal/usecase/mocks/IShopRepository.go:25.2,26.75 2 0
github.com/k1v4/avito_shop/internal/usecase/mocks/IShopRepository.go:26.75,28.3 1 0
github.com/k1v4/avito_shop/internal/usecase/mocks/IShopRepository.go:28.8,30.3 1 0
github.com/k1v4/avito_shop/internal/usecase/mocks/IShopRepository.go:32.2,32.11 1 0
github.com/k1v4/avito_shop/internal/usecase/mocks/IShopRepository.go:36.96,39.19 2 0
github.com/k1v4/avito_shop/internal/usecase/mocks/IShopRepository.go:39.19,40.50 1 0
github.com/k1v4/avito_shop/internal/usecase/mocks/IShopRepository.go:43.2,45.83 3 0
github.com/k1v4/avito_shop/internal/usecase/mocks/IShopRepository.go:45.83,47.3 1 0
github.com/k1v4/avito_shop/internal/usecase/mocks/IShopRepository.go:48.2,48.74 1 0
github.com/k1v4/avito_shop/internal/usecase/mocks/IShopRepository.go:48.74,50.3 1 0
github.com/k1v4/avito_shop/internal/usecase/mocks/IShopRepository.go:50.8,52.3 1 0
github.com/k1v4/avito_shop/internal/usecase/mocks/IShopRepository.go:54.2,54.68 1 0
github.com/k1v4/avito_shop/internal/usecase/mocks/IShopRepository.go:54.68,56.3 1 0
github.com/k1v4/avito_shop/internal/usecase/mocks/IShopRepository.go:56.8,58.3 1 0
github.com/k1v4/avito_shop/internal/usecase/mocks/IShopRepository.go:60.2,60.15 1 0
github.com/k1v4/avito_shop/internal/usecase/mocks/IShopRepository.go:64.89,67.19 2 0
github.com/k1v4/avito_shop/internal/usecase/mocks/IShopRepository.go:67.19,68.53 1 0
github.com/k1v4/avito_shop/internal/usecase/mocks/IShopRepository.go:71.2,73.75 3 0
github.com/k1v4/avito_shop/internal/usecase/mocks/IShopRepository.go:73.75,75.3 1 0
github.com/k1v4/avito_shop/internal/usecase/mocks/IShopRepository.go:76.2,76.66 1 0
github.com/k1v4/avito_shop/internal/usecase/mocks/IShopRepository.go:76.66,78.3 1 0
github.com/k1v4/avito_shop/internal/usecase/mocks/IShopRepository.go:78.8,80.3 1 0
github.com/k1v4/avito_shop/internal/usecase/mocks/IShopRepository.go:82.2,82.65 1 0
github.com/k1v4/avito_shop/internal/usecase/mocks/IShopRepository.go:82.65,84.3 1 0
github.com/k1v4/avito_shop/internal/usecase/mocks/IShopRepository.go:84.8,86.3 1 0
github.com/k1v4/avito_shop/internal/usecase/mocks/IShopRepository.go:88.2,88.15 1 0
github.com/k1v4/avito_shop/internal/usecase/mocks/IShopRepository.go:92.99,95.19 2 0
github.com/k1v4/avito_shop/internal/usecase/mocks/IShopRepository.go:95.19,96.55 1 0
github.com/k1v4/avito_shop/internal/usecase/mocks/IShopRepository.go:99.2,101.83 3 0
github.com/k1v4/avito_shop/internal/usecase/mocks/IShopRepository.go:101.83,103.3 1 0
github.com/k1v4/avito_shop/internal/usecase/mocks/IShopRepository.go:104.2,104.74 1 0
github.com/k1v4/avito_shop/internal/usecase/mocks/IShopRepository.go:104.74,106.3 1 0
github.com/k1v4/avito_shop/internal/usecase/mocks/IShopRepository.go:106.8,108.3 1 0
github.com/k1v4/avito_shop/internal/usecase/mocks/IShopRepository.go:110.2,110.68 1 0
github.com/k1v4/avito_shop/internal/usecase/mocks/IShopRepository.go:110.68,112.3 1 0
github.com/k1v4/avito_shop/internal/usecase/mocks/IShopRepository.go:112.8,114.3 1 0
github.com/k1v4/avito_shop/internal/usecase/mocks/IShopRepository.go:116.2,116.15 1 0
github.com/k1v4/avito_shop/internal/usecase/mocks/IShopRepository.go:120.99,123.19 2 0
github.com/k1v4/avito_shop/internal/usecase/mocks/IShopRepository.go:123.19,124.53 1 0
github.com/k1v4/avito_shop/internal/usecase/mocks/IShopRepository.go:127.2,129.85 3 0
github.com/k1v4/avito_shop/internal/usecase/mocks/IShopRepository.go:129.85,131.3 1 0
github.com/k1v4/avito_shop/internal/usecase/mocks/IShopRepository.go:132.2,132.76 1 0
github.com/k1v4/avito_shop/internal/usecase/mocks/IShopRepository.go:132.76,134.3 1 0
github.com/k1v4/avito_shop/internal/usecase/mocks/IShopRepository.go:134.8,136.3 1 0
github.com/k1v4/avito_shop/internal/usecase/mocks/IShopRepository.go:138.2,138.65 1 0
github.com/k1v4/avito_shop/internal/usecase/mocks/IShopRepository.go:138.65,140.3 1 0
github.com/k1v4/avito_shop/internal/usecase/mocks/IShopRepository.go:140.8,142.3 1 0
github.com/k1v4/avito_shop/internal/usecase/mocks/IShopRepository.go:144.2,144.15 1 0
github.com/k1v4/avito_shop/internal/usecase/mocks/IShopRepository.go:148.94,151.19 2 0
github.com/k1v4/avito_shop/internal/usecase/mocks/IShopRepository.go:151.19,152.53 1 0
github.com/k1v4/avito_shop/internal/usecase/mocks/IShopRepository.go:155.2,157.80 3 0
github.com/k1v4/avito_shop/internal/usecase/mocks/IShopRepository.go:157.80,159.3 1 0
github.com/k1v4/avito_shop/internal/usecase/mocks/IShopRepository.go:160.2,160.71 1 0
github.com/k1v4/avito_shop/internal/usecase/mocks/IShopRepository.go:160.71,162.3 1 0
github.com/k1v4/avito_shop/internal/usecase/mocks/IShopRepository.go:162.8,164.3 1 0
github.com/k1v4/avito_shop/internal/usecase/mocks/IShopRepository.go:166.2,166.65 1 0
github.com/k1v4/avito_shop/internal/usecase/mocks/IShopRepository.go:166.65,168.3 1 0
github.com/k1v4/avito_shop/internal/usecase/mocks/IShopRepository.go:168.8,170.3 1 0
github.com/k1v4/avito_shop/internal/usecase/mocks/IShopRepository.go:172.2,172.15 1 0
github.com/k1v4/avito_shop/internal/usecase/mocks/IShopRepository.go:176.108,179.19 2 0
github.com/k1v4/avito_shop/internal/usecase/mocks/IShopRepository.go:179.19,180.52 1 0
github.com/k1v4/avito_shop/internal/usecase/mocks/IShopRepository.go:183.2,184.75 2 0
github.com/k1v4/avito_shop/internal/usecase/mocks/IShopRepository.go:184.75,186.3 1 0
github.com/k1v4/avito_shop/internal/usecase/mocks/IShopRepository.go:186.8,188.3 1 0
github.com/k1v4/avito_shop/internal/usecase/mocks/IShopRepository.go:190.2,190.11 1 0
github.com/k1v4/avito_shop/internal/usecase/mocks/IShopRepository.go:194.105,197.19 2 0
github.com/k1v4/avito_shop/internal/usecase/mocks/IShopRepository.go:197.19,198.50 1 0
github.com/k1v4/avito_shop/internal/usecase/mocks/IShopRepository.go:201.2,203.83 3 0
github.com/k1v4/avito_shop/internal/usecase/mocks/IShopRepository.go:203.83,205.3 1 0
github.com/k1v4/avito_shop/internal/usecase/mocks/IShopRepository.go:206.2,206.74 1 0
github.com/k1v4/avito_shop/internal/usecase/mocks/IShopRepository.go:206.74,208.3 1 0
github.com/k1v4/avito_shop/internal/usecase/mocks/IShopRepository.go:208.8,210.3 1 0
github.com/k1v4/avito_shop/internal/usecase/mocks/IShopRepository.go:212.2,212.76 1 0
github.com/k1v4/avito_shop/internal/usecase/mocks/IShopRepository.go:212.76,214.3 1 0
github.com/k1v4/avito_shop/internal/usecase/mocks/IShopRepository.go:214.8,216.3 1 0
github.com/k1v4/avito_shop/internal/usecase/mocks/IShopRepository.go:218.2,218.15 1 0
github.com/k1v4/avito_shop/internal/usecase/mocks/IShopRepository.go:222.93,225.19 2 0
github.com/k1v4/avito_shop/internal/usecase/mocks/IShopRepository.go:225.19,226.55 1 0
github.com/k1v4/avito_shop/internal/usecase/mocks/IShopRepository.go:229.2,230.70 2 0
github.com/k1v4/avito_shop/internal/usecase/mocks/IShopRepository.go:230.70,232.3 1 0
github.com/k1v4/avito_shop/internal/usecase/mocks/IShopRepository.go:232.8,234.3 1 0
github.com/k1v4/avito_shop/internal/usecase/mocks/IShopRepository.go:236.2,236.11 1 0
github.com/k1v4/avito_shop/internal/usecase/mocks/IShopRepository.go:240.105,243.19 2 0
github.com/k1v4/avito_shop/internal/usecase/mocks/IShopRepository.go:243.19,244.53 1 0
github.com/k1v4/avito_shop/internal/usecase/mocks/IShopRepository.go:247.2,249.91 3 0
github.com/k1v4/avito_shop/internal/usecase/mocks/IShopRepository.go:249.91,251.3 1 0
github.com/k1v4/avito_shop/internal/usecase/mocks/IShopRepository.go:252.2,252.82 1 0
github.com/k1v4/avito_shop/internal/usecase/mocks/IShopRepository.go:252.82,254.3 1 0
github.com/k1v4/avito_shop/internal/usecase/mocks/IShopRepository.go:254.8,255.24 1 0
github.com/k1v4/avito_shop/internal/usecase/mocks/IShopRepository.go:255.24,257.4 1 0
github.com/k1v4/avito_shop/internal/usecase/mocks/IShopRepository.go:260.2,260.65 1 0
github.com/k1v4/avito_shop/internal/usecase/mocks/IShopRepository.go:260.65,262.3 1 0
github.com/k1v4/avito_shop/internal/usecase/mocks/IShopRepository.go:262.8,264.3 1 0
github.com/k1v4/avito_shop/internal/usecase/mocks/IShopRepository.go:266.2,266.15 1 0
github.com/k1v4/avito_shop/internal/usecase/mocks/IShopRepository.go:274.21,278.19 3 0
github.com/k1v4/avito_shop/internal/usecase/mocks/IShopRepository.go:278.19,278.49 1 0
github.com/k1v4/avito_shop/internal/usecase/mocks/IShopRepository.go:280.2,280.13 1 0
github.com/k1v4/avito_shop/internal/usecase/mocks/IShopService.go:18.89,21.19 2 0
github.com/k1v4/avito_shop/internal/usecase/mocks/IShopService.go:21.19,22.49 1 0
github.com/k1v4/avito_shop/internal/usecase/mocks/IShopService.go:25.2,26.73 2 0
github.com/k1v4/avito_shop/internal/usecase/mocks/IShopService.go:26.73,28.3 1 0
github.com/k1v4/avito_shop/internal/usecase/mocks/IShopService.go:28.8,30.3 1 0
github.com/k1v4/avito_shop/internal/usecase/mocks/IShopService.go:32.2,32.11 1 0
github.com/k1v4/avito_shop/internal/usecase/mocks/IShopService.go:36.95,39.19 2 0
github.com/k1v4/avito_shop/internal/usecase/mocks/IShopService.go:39.19,40.49 1 0
github.com/k1v4/avito_shop/internal/usecase/mocks/IShopService.go:43.2,45.88 3 0
github.com/k1v4/avito_shop/internal/usecase/mocks/IShopService.go:45.88,47.3 1 0
github.com/k1v4/avito_shop/internal/usecase/mocks/IShopService.go:48.2,48.79 1 0
github.com/k1v4/avito_shop/internal/usecase/mocks/IShopService.go:48.79,50.3 1 0
github.com/k1v4/avito_shop/internal/usecase/mocks/IShopService.go:50.8,52.3 1 0
github.com/k1v4/avito_shop/internal/usecase/mocks/IShopService.go:54.2,54.65 1 0
github.com/k1v4/avito_shop/internal/usecase/mocks/IShopService.go:54.65,56.3 1 0
github.com/k1v4/avito_shop/internal/usecase/mocks/IShopService.go:56.8,58.3 1 0
github.com/k1v4/avito_shop/internal/usecase/mocks/IShopService.go:60.2,60.15 1 0
github.com/k1v4/avito_shop/internal/usecase/mocks/IShopService.go:64.102,67.19 2 0
github.com/k1v4/avito_shop/internal/usecase/mocks/IShopService.go:67.19,68.47 1 0
github.com/k1v4/avito_shop/internal/usecase/mocks/IShopService.go:71.2,73.86 3 0
github.com/k1v4/avito_shop/internal/usecase/mocks/IShopService.go:73.86,75.3 1 0
github.com/k1v4/avito_shop/internal/usecase/mocks/IShopService.go:76.2,76.77 1 0
github.com/k1v4/avito_shop/internal/usecase/mocks/IShopService.go:76.77,78.3 1 0
github.com/k1v4/avito_shop/internal/usecase/mocks/IShopService.go:78.8,80.3 1 0
github.com/k1v4/avito_shop/internal/usecase/mocks/IShopService.go:82.2,82.76 1 0
github.com/k1v4/avito_shop/internal/usecase/mocks/IShopService.go:82.76,84.3 1 0
github.com/k1v4/avito_shop/internal/usecase/mocks/IShopService.go:84.8,86.3 1 0
github.com/k1v4/avito_shop/internal/usecase/mocks/IShopService.go:88.2,88.15 1 0
github.com/k1v4/avito_shop/internal/usecase/mocks/IShopService.go:92.105,95.19 2 0
github.com/k1v4/avito_shop/internal/usecase/mocks/IShopService.go:95.19,96.50 1 0
github.com/k1v4/avito_shop/internal/usecase/mocks/IShopService.go:99.2,101.86 3 0
github.com/k1v4/avito_shop/internal/usecase/mocks/IShopService.go:101.86,103.3 1 0
github.com/k1v4/avito_shop/internal/usecase/mocks/IShopService.go:104.2,104.77 1 0
github.com/k1v4/avito_shop/internal/usecase/mocks/IShopService.go:104.77,106.3 1 0
github.com/k1v4/avito_shop/internal/usecase/mocks/IShopService.go:106.8,108.3 1 0
github.com/k1v4/avito_shop/internal/usecase/mocks/IShopService.go:110.2,110.76 1 0
github.com/k1v4/avito_shop/internal/usecase/mocks/IShopService.go:110.76,112.3 1 0
github.com/k1v4/avito_shop/internal/usecase/mocks/IShopService.go:112.8,114.3 1 0
github.com/k1v4/avito_shop/internal/usecase/mocks/IShopService.go:116.2,116.15 1 0
github.com/k1v4/avito_shop/internal/usecase/mocks/IShopService.go:120.109,123.19 2 0
github.com/k1v4/avito_shop/internal/usecase/mocks/IShopService.go:123.19,124.51 1 0
github.com/k1v4/avito_shop/internal/usecase/mocks/IShopService.go:127.2,128.78 2 0
github.com/k1v4/avito_shop/internal/usecase/mocks/IShopService.go:128.78,130.3 1 0
github.com/k1v4/avito_shop/internal/usecase/mocks/IShopService.go:130.8,132.3 1 0
github.com/k1v4/avito_shop/internal/usecase/mocks/IShopService.go:134.2,134.11 1 0
github.com/k1v4/avito_shop/internal/usecase/mocks/IShopService.go:142.18,146.19 3 0
github.com/k1v4/avito_shop/internal/usecase/mocks/IShopService.go:146.19,146.49 1 0
github.com/k1v4/avito_shop/internal/usecase/mocks/IShopService.go:148.2,148.13 1 0
github.com/k1v4/avito_shop/pkg/logger/logger.go:25.77,28.33 2 0
github.com/k1v4/avito_shop/pkg/logger/logger.go:28.33,30.3 1 0
github.com/k1v4/avito_shop/pkg/logger/logger.go:32.2,32.31 1 0
github.com/k1v4/avito_shop/pkg/logger/logger.go:35.78,38.33 2 0
github.com/k1v4/avito_shop/pkg/logger/logger.go:38.33,40.3 1 0
github.com/k1v4/avito_shop/pkg/logger/logger.go:42.2,42.32 1 0
github.com/k1v4/avito_shop/pkg/logger/logger.go:45.55,47.2 1 0
github.com/k1v4/avito_shop/pkg/logger/logger.go:49.25,51.16 2 0
github.com/k1v4/avito_shop/pkg/logger/logger.go:51.16,52.13 1 0
github.com/k1v4/avito_shop/pkg/logger/logger.go:54.2,59.3 2 0
github.com/k1v4/avito_shop/pkg/httpserver/option.go:10.31,11.25 1 0
github.com/k1v4/avito_shop/pkg/httpserver/option.go:11.25,13.3 1 0
github.com/k1v4/avito_shop/pkg/httpserver/option.go:16.48,17.25 1 0
github.com/k1v4/avito_shop/pkg/httpserver/option.go:17.25,19.3 1 0
github.com/k1v4/avito_shop/pkg/httpserver/option.go:22.49,23.25 1 0
github.com/k1v4/avito_shop/pkg/httpserver/option.go:23.25,25.3 1 0
github.com/k1v4/avito_shop/pkg/httpserver/option.go:28.52,29.25 1 0
github.com/k1v4/avito_shop/pkg/httpserver/option.go:29.25,31.3 1 0
github.com/k1v4/avito_shop/pkg/httpserver/server.go:23.56,38.27 3 0
github.com/k1v4/avito_shop/pkg/httpserver/server.go:38.27,40.3 1 0
github.com/k1v4/avito_shop/pkg/httpserver/server.go:42.2,44.10 2 0
github.com/k1v4/avito_shop/pkg/httpserver/server.go:47.26,48.12 1 0
github.com/k1v4/avito_shop/pkg/httpserver/server.go:48.12,51.3 2 0
github.com/k1v4/avito_shop/pkg/httpserver/server.go:54.40,56.2 1 0
github.com/k1v4/avito_shop/pkg/httpserver/server.go:58.35,63.2 3 0
github.com/k1v4/avito_shop/pkg/logger/mocks/Logger.go:19.83,21.25 2 0
github.com/k1v4/avito_shop/pkg/logger/mocks/Logger.go:21.25,23.3 1 0
github.com/k1v4/avito_shop/pkg/logger/mocks/Logger.go:24.2,27.19 4 0
github.com/k1v4/avito_shop/pkg/logger/mocks/Logger.go:31.82,33.25 2 0
github.com/k1v4/avito_shop/pkg/logger/mocks/Logger.go:33.25,35.3 1 0
github.com/k1v4/avito_shop/pkg/logger/mocks/Logger.go:36.2,39.19 4 0
github.com/k1v4/avito_shop/pkg/logger/mocks/Logger.go:47.12,51.19 3 0
github.com/k1v4/avito_shop/pkg/logger/mocks/Logger.go:51.19,51.49 1 0
github.com/k1v4/avito_shop/pkg/logger/mocks/Logger.go:53.2,53.13 1 0
github.com/k1v4/avito_shop/pkg/DB/redis/redis.go:22.77,37.16 4 0
github.com/k1v4/avito_shop/pkg/DB/redis/redis.go:37.16,41.3 2 0
github.com/k1v4/avito_shop/pkg/DB/redis/redis.go:43.2,45.16 2 0
github.com/k1v4/avito_shop/pkg/jwtPkg/jwt.go:16.73,26.16 7 0
github.com/k1v4/avito_shop/pkg/jwtPkg/jwt.go:26.16,28.3 1 0
github.com/k1v4/avito_shop/pkg/jwtPkg/jwt.go:30.2,30.25 1 0
github.com/k1v4/avito_shop/pkg/jwtPkg/jwt.go:33.42,35.23 2 0
github.com/k1v4/avito_shop/pkg/jwtPkg/jwt.go:35.23,37.3 1 0
github.com/k1v4/avito_shop/pkg/jwtPkg/jwt.go:38.2,38.51 1 0
github.com/k1v4/avito_shop/pkg/jwtPkg/jwt.go:41.65,43.83 1 0
github.com/k1v4/avito_shop/pkg/jwtPkg/jwt.go:43.83,45.58 1 0
github.com/k1v4/avito_shop/pkg/jwtPkg/jwt.go:45.58,47.4 1 0
github.com/k1v4/avito_shop/pkg/jwtPkg/jwt.go:48.3,48.29 1 0
github.com/k1v4/avito_shop/pkg/jwtPkg/jwt.go:50.2,50.16 1 0
github.com/k1v4/avito_shop/pkg/jwtPkg/jwt.go:50.16,52.3 1 0
github.com/k1v4/avito_shop/pkg/jwtPkg/jwt.go:55.2,55.67 1 0
github.com/k1v4/avito_shop/pkg/jwtPkg/jwt.go:55.67,58.14 2 0
github.com/k1v4/avito_shop/pkg/jwtPkg/jwt.go:58.14,60.4 1 0
github.com/k1v4/avito_shop/pkg/jwtPkg/jwt.go:63.3,63.45 1 0
github.com/k1v4/avito_shop/pkg/jwtPkg/jwt.go:63.45,64.38 1 0
github.com/k1v4/avito_shop/pkg/jwtPkg/jwt.go:64.38,66.5 1 0
github.com/k1v4/avito_shop/pkg/jwtPkg/jwt.go:69.3,69.26 1 0
github.com/k1v4/avito_shop/pkg/jwtPkg/jwt.go:72.2,72.39 1 0
github.com/k1v4/avito_shop/pkg/DB/postgres/options.go:7.35,8.27 1 0
github.com/k1v4/avito_shop/pkg/DB/postgres/options.go:8.27,10.3 1 0
github.com/k1v4/avito_shop/pkg/DB/postgres/options.go:13.40,14.27 1 0
github.com/k1v4/avito_shop/pkg/DB/postgres/options.go:14.27,16.3 1 0
github.com/k1v4/avito_shop/pkg/DB/postgres/options.go:19.48,20.27 1 0
github.com/k1v4/avito_shop/pkg/DB/postgres/options.go:20.27,22.3 1 0
github.com/k1v4/avito_shop/pkg/DB/postgres/postgres_pool.go:38.57,46.27 2 0
github.com/k1v4/avito_shop/pkg/DB/postgres/postgres_pool.go:46.27,48.3 1 0
github.com/k1v4/avito_shop/pkg/DB/postgres/postgres_pool.go:50.2,53.16 3 0
github.com/k1v4/avito_shop/pkg/DB/postgres/postgres_pool.go:53.16,55.3 1 0
github.com/k1v4/avito_shop/pkg/DB/postgres/postgres_pool.go:57.2,59.26 2 0
github.com/k1v4/avito_shop/pkg/DB/postgres/postgres_pool.go:59.26,61.17 2 0
github.com/k1v4/avito_shop/pkg/DB/postgres/postgres_pool.go:61.17,62.9 1 0
github.com/k1v4/avito_shop/pkg/DB/postgres/postgres_pool.go:65.3,69.20 3 0
github.com/k1v4/avito_shop/pkg/DB/postgres/postgres_pool.go:72.2,72.16 1 0
github.com/k1v4/avito_shop/pkg/DB/postgres/postgres_pool.go:72.16,74.3 1 0
github.com/k1v4/avito_shop/pkg/DB/postgres/postgres_pool.go:76.2,76.16 1 0
github.com/k1v4/avito_shop/pkg/DB/postgres/postgres_pool.go:79.28,80.19 1 0
github.com/k1v4/avito_shop/pkg/DB/postgres/postgres_pool.go:80.19,82.3 1 0
github.com/k1v4/avito_shop/internal/entity/InfoResponse.go:11.56,13.2 1 0
github.com/k1v4/avito_shop/internal/entity/InfoResponse.go:15.59,17.2 1 0
github.com/k1v4/avito_shop/internal/usecase/shop.go:25.72,30.2 1 0
github.com/k1v4/avito_shop/internal/usecase/shop.go:32.94,36.16 3 0
github.com/k1v4/avito_shop/internal/usecase/shop.go:36.16,37.32 1 0
github.com/k1v4/avito_shop/internal/usecase/shop.go:37.32,39.18 2 0
github.com/k1v4/avito_shop/internal/usecase/shop.go:39.18,41.5 1 0
github.com/k1v4/avito_shop/internal/usecase/shop.go:42.4,42.21 1 0
github.com/k1v4/avito_shop/internal/usecase/shop.go:45.3,45.43 1 0
github.com/k1v4/avito_shop/internal/usecase/shop.go:48.2,48.86 1 0
github.com/k1v4/avito_shop/internal/usecase/shop.go:48.86,50.3 1 0
github.com/k1v4/avito_shop/internal/usecase/shop.go:52.2,53.16 2 0
github.com/k1v4/avito_shop/internal/usecase/shop.go:53.16,55.3 1 0
github.com/k1v4/avito_shop/internal/usecase/shop.go:57.2,57.19 1 0
github.com/k1v4/avito_shop/internal/usecase/shop.go:60.97,64.16 3 0
github.com/k1v4/avito_shop/internal/usecase/shop.go:64.16,66.3 1 0
github.com/k1v4/avito_shop/internal/usecase/shop.go:68.2,69.16 2 0
github.com/k1v4/avito_shop/internal/usecase/shop.go:69.16,71.3 1 0
github.com/k1v4/avito_shop/internal/usecase/shop.go:73.2,78.16 2 0
github.com/k1v4/avito_shop/internal/usecase/shop.go:78.16,80.3 1 0
github.com/k1v4/avito_shop/internal/usecase/shop.go:82.2,82.19 1 0
github.com/k1v4/avito_shop/internal/usecase/shop.go:85.88,89.16 3 0
github.com/k1v4/avito_shop/internal/usecase/shop.go:89.16,91.3 1 0
github.com/k1v4/avito_shop/internal/usecase/shop.go:93.2,94.16 2 0
github.com/k1v4/avito_shop/internal/usecase/shop.go:94.16,96.3 1 0
github.com/k1v4/avito_shop/internal/usecase/shop.go:98.2,98.29 1 0
github.com/k1v4/avito_shop/internal/usecase/shop.go:98.29,100.3 1 0
github.com/k1v4/avito_shop/internal/usecase/shop.go:102.2,103.16 2 0
github.com/k1v4/avito_shop/internal/usecase/shop.go:103.16,105.3 1 0
github.com/k1v4/avito_shop/internal/usecase/shop.go:107.2,108.16 2 0
github.com/k1v4/avito_shop/internal/usecase/shop.go:108.16,110.3 1 0
github.com/k1v4/avito_shop/internal/usecase/shop.go:112.2,112.12 1 0
github.com/k1v4/avito_shop/internal/usecase/shop.go:115.104,119.16 3 0
github.com/k1v4/avito_shop/internal/usecase/shop.go:119.16,121.3 1 0
github.com/k1v4/avito_shop/internal/usecase/shop.go:123.2,124.16 2 0
github.com/k1v4/avito_shop/internal/usecase/shop.go:124.16,126.3 1 0
github.com/k1v4/avito_shop/internal/usecase/shop.go:128.2,128.29 1 0
github.com/k1v4/avito_shop/internal/usecase/shop.go:128.29,130.3 1 0
github.com/k1v4/avito_shop/internal/usecase/shop.go:132.2,135.16 3 0
github.com/k1v4/avito_shop/internal/usecase/shop.go:135.16,137.3 1 0
github.com/k1v4/avito_shop/internal/usecase/shop.go:139.2,140.16 2 0
github.com/k1v4/avito_shop/internal/usecase/shop.go:140.16,142.3 1 0
github.com/k1v4/avito_shop/internal/usecase/shop.go:144.2,145.16 2 0
github.com/k1v4/avito_shop/internal/usecase/shop.go:145.16,147.3 1 0
github.com/k1v4/avito_shop/internal/usecase/shop.go:149.2,149.12 1 0
github.com/k1v4/avito_shop/internal/usecase/shop.go:152.94,157.46 4 0
github.com/k1v4/avito_shop/internal/usecase/shop.go:157.46,159.3 1 0
github.com/k1v4/avito_shop/internal/usecase/shop.go:162.2,163.16 2 0
github.com/k1v4/avito_shop/internal/usecase/shop.go:163.16,165.3 1 0
github.com/k1v4/avito_shop/internal/usecase/shop.go:167.2,170.16 3 0
github.com/k1v4/avito_shop/internal/usecase/shop.go:170.16,172.3 1 0
github.com/k1v4/avito_shop/internal/usecase/shop.go:174.2,174.36 1 0
github.com/k1v4/avito_shop/internal/usecase/shop.go:174.36,176.17 2 0
github.com/k1v4/avito_shop/internal/usecase/shop.go:176.17,178.4 1 0
github.com/k1v4/avito_shop/internal/usecase/shop.go:180.3,180.33 1 0
github.com/k1v4/avito_shop/internal/usecase/shop.go:183.2,186.16 3 0
github.com/k1v4/avito_shop/internal/usecase/shop.go:186.16,188.3 1 0
github.com/k1v4/avito_shop/internal/usecase/shop.go:190.2,193.31 3 0
github.com/k1v4/avito_shop/internal/usecase/shop.go:193.31,197.30 3 0
github.com/k1v4/avito_shop/internal/usecase/shop.go:197.30,199.18 2 0
github.com/k1v4/avito_shop/internal/usecase/shop.go:199.18,201.5 1 0
github.com/k1v4/avito_shop/internal/usecase/shop.go:203.4,206.44 3 0
github.com/k1v4/avito_shop/internal/usecase/shop.go:207.9,209.18 2 0
github.com/k1v4/avito_shop/internal/usecase/shop.go:209.18,211.5 1 0
github.com/k1v4/avito_shop/internal/usecase/shop.go:213.4,216.36 3 0
github.com/k1v4/avito_shop/internal/usecase/shop.go:220.2,229.17 4 0
github.com/k1v4/avito_shop/pkg/jwtPkg/jwt.go:16.73,26.16 7 0
github.com/k1v4/avito_shop/pkg/jwtPkg/jwt.go:26.16,28.3 1 0
github.com/k1v4/avito_shop/pkg/jwtPkg/jwt.go:30.2,30.25 1 0
github.com/k1v4/avito_shop/pkg/jwtPkg/jwt.go:33.42,35.23 2 0
github.com/k1v4/avito_shop/pkg/jwtPkg/jwt.go:35.23,37.3 1 0
github.com/k1v4/avito_shop/pkg/jwtPkg/jwt.go:38.2,38.51 1 0
github.com/k1v4/avito_shop/pkg/jwtPkg/jwt.go:41.65,43.83 1 0
github.com/k1v4/avito_shop/pkg/jwtPkg/jwt.go:43.83,45.58 1 0
github.com/k1v4/avito_shop/pkg/jwtPkg/jwt.go:45.58,47.4 1 0
github.com/k1v4/avito_shop/pkg/jwtPkg/jwt.go:48.3,48.29 1 0
github.com/k1v4/avito_shop/pkg/jwtPkg/jwt.go:50.2,50.16 1 0
github.com/k1v4/avito_shop/pkg/jwtPkg/jwt.go:50.16,52.3 1 0
github.com/k1v4/avito_shop/pkg/jwtPkg/jwt.go:55.2,55.67 1 0
github.com/k1v4/avito_shop/pkg/jwtPkg/jwt.go:55.67,58.14 2 0
github.com/k1v4/avito_shop/pkg/jwtPkg/jwt.go:58.14,60.4 1 0
github.com/k1v4/avito_shop/pkg/jwtPkg/jwt.go:63.3,63.45 1 0
github.com/k1v4/avito_shop/pkg/jwtPkg/jwt.go:63.45,64.38 1 0
github.com/k1v4/avito_shop/pkg/jwtPkg/jwt.go:64.38,66.5 1 0
github.com/k1v4/avito_shop/pkg/jwtPkg/jwt.go:69.3,69.26 1 0
github.com/k1v4/avito_shop/pkg/jwtPkg/jwt.go:72.2,72.39 1 0
github.com/k1v4/avito_shop/internal/controller/http/v1/errors.go:13.64,15.2 1 1
github.com/k1v4/avito_shop/internal/controller/http/v1/router.go:11.77,16.52 3 0
github.com/k1v4/avito_shop/internal/controller/http/v1/router.go:16.52,18.3 1 0
github.com/k1v4/avito_shop/internal/controller/http/v1/router.go:20.2,21.2 2 0
github.com/k1v4/avito_shop/internal/controller/http/v1/router.go:21.2,23.3 1 0
github.com/k1v4/avito_shop/internal/controller/http/v1/shop.go:20.82,34.2 5 0
github.com/k1v4/avito_shop/internal/controller/http/v1/shop.go:36.55,42.17 4 1
github.com/k1v4/avito_shop/internal/controller/http/v1/shop.go:42.17,46.3 2 1
github.com/k1v4/avito_shop/internal/controller/http/v1/shop.go:48.2,49.16 2 1
github.com/k1v4/avito_shop/internal/controller/http/v1/shop.go:49.16,53.3 2 1
github.com/k1v4/avito_shop/internal/controller/http/v1/shop.go:55.2,56.16 2 1
github.com/k1v4/avito_shop/internal/controller/http/v1/shop.go:56.16,58.3 1 0
github.com/k1v4/avito_shop/internal/controller/http/v1/shop.go:60.2,60.36 1 1
github.com/k1v4/avito_shop/internal/controller/http/v1/shop.go:63.60,69.34 4 1
github.com/k1v4/avito_shop/internal/controller/http/v1/shop.go:69.34,73.3 2 0
github.com/k1v4/avito_shop/internal/controller/http/v1/shop.go:75.2,75.19 1 1
github.com/k1v4/avito_shop/internal/controller/http/v1/shop.go:75.19,79.3 2 1
github.com/k1v4/avito_shop/internal/controller/http/v1/shop.go:81.2,82.17 2 1
github.com/k1v4/avito_shop/internal/controller/http/v1/shop.go:82.17,86.3 2 1
github.com/k1v4/avito_shop/internal/controller/http/v1/shop.go:88.2,89.16 2 1
github.com/k1v4/avito_shop/internal/controller/http/v1/shop.go:89.16,93.3 2 1
github.com/k1v4/avito_shop/internal/controller/http/v1/shop.go:95.2,96.16 2 1
github.com/k1v4/avito_shop/internal/controller/http/v1/shop.go:96.16,100.3 2 1
github.com/k1v4/avito_shop/internal/controller/http/v1/shop.go:102.2,102.56 1 1
github.com/k1v4/avito_shop/internal/controller/http/v1/shop.go:105.54,110.43 4 1
github.com/k1v4/avito_shop/internal/controller/http/v1/shop.go:110.43,114.3 2 1
github.com/k1v4/avito_shop/internal/controller/http/v1/shop.go:116.2,117.17 2 1
github.com/k1v4/avito_shop/internal/controller/http/v1/shop.go:117.17,121.3 2 1
github.com/k1v4/avito_shop/internal/controller/http/v1/shop.go:124.2,125.16 2 1
github.com/k1v4/avito_shop/internal/controller/http/v1/shop.go:125.16,129.3 2 1
github.com/k1v4/avito_shop/internal/controller/http/v1/shop.go:131.2,132.16 2 1
github.com/k1v4/avito_shop/internal/controller/http/v1/shop.go:132.16,133.41 1 1
github.com/k1v4/avito_shop/internal/controller/http/v1/shop.go:133.41,137.4 2 1
github.com/k1v4/avito_shop/internal/controller/http/v1/shop.go:139.3,141.39 2 1
github.com/k1v4/avito_shop/internal/controller/http/v1/shop.go:144.2,144.56 1 1
github.com/k1v4/avito_shop/internal/controller/http/v1/shop.go:147.55,153.34 4 1
github.com/k1v4/avito_shop/internal/controller/http/v1/shop.go:153.34,157.3 2 0
github.com/k1v4/avito_shop/internal/controller/http/v1/shop.go:159.2,159.88 1 1
github.com/k1v4/avito_shop/internal/controller/http/v1/shop.go:159.88,163.3 2 1
github.com/k1v4/avito_shop/internal/controller/http/v1/shop.go:165.2,166.16 2 1
github.com/k1v4/avito_shop/internal/controller/http/v1/shop.go:166.16,167.47 1 1
github.com/k1v4/avito_shop/internal/controller/http/v1/shop.go:167.47,171.4 2 1
github.com/k1v4/avito_shop/internal/controller/http/v1/shop.go:173.3,175.39 2 0
github.com/k1v4/avito_shop/internal/controller/http/v1/shop.go:178.2,180.4 1 1
github.com/k1v4/avito_shop/internal/entity/InfoResponse.go:11.56,13.2 1 0
github.com/k1v4/avito_shop/internal/entity/InfoResponse.go:15.59,17.2 1 0
github.com/k1v4/avito_shop/internal/usecase/mocks/IShopRepository.go:18.101,21.19 2 0
github.com/k1v4/avito_shop/internal/usecase/mocks/IShopRepository.go:21.19,22.49 1 0
github.com/k1v4/avito_shop/internal/usecase/mocks/IShopRepository.go:25.2,26.75 2 0
github.com/k1v4/avito_shop/internal/usecase/mocks/IShopRepository.go:26.75,28.3 1 0
github.com/k1v4/avito_shop/internal/usecase/mocks/IShopRepository.go:28.8,30.3 1 0
github.com/k1v4/avito_shop/internal/usecase/mocks/IShopRepository.go:32.2,32.11 1 0
github.com/k1v4/avito_shop/internal/usecase/mocks/IShopRepository.go:36.96,39.19 2 0
github.com/k1v4/avito_shop/internal/usecase/mocks/IShopRepository.go:39.19,40.50 1 0
github.com/k1v4/avito_shop/internal/usecase/mocks/IShopRepository.go:43.2,45.83 3 0
github.com/k1v4/avito_shop/internal/usecase/mocks/IShopRepository.go:45.83,47.3 1 0
github.com/k1v4/avito_shop/internal/usecase/mocks/IShopRepository.go:48.2,48.74 1 0
github.com/k1v4/avito_shop/internal/usecase/mocks/IShopRepository.go:48.74,50.3 1 0
github.com/k1v4/avito_shop/internal/usecase/mocks/IShopRepository.go:50.8,52.3 1 0
github.com/k1v4/avito_shop/internal/usecase/mocks/IShopRepository.go:54.2,54.68 1 0
github.com/k1v4/avito_shop/internal/usecase/mocks/IShopRepository.go:54.68,56.3 1 0
github.com/k1v4/avito_shop/internal/usecase/mocks/IShopRepository.go:56.8,58.3 1 0
github.com/k1v4/avito_shop/internal/usecase/mocks/IShopRepository.go:60.2,60.15 1 0
github.com/k1v4/avito_shop/internal/usecase/mocks/IShopRepository.go:64.89,67.19 2 0
github.com/k1v4/avito_shop/internal/usecase/mocks/IShopRepository.go:67.19,68.53 1 0
github.com/k1v4/avito_shop/internal/usecase/mocks/IShopRepository.go:71.2,73.75 3 0
github.com/k1v4/avito_shop/internal/usecase/mocks/IShopRepository.go:73.75,75.3 1 0
github.com/k1v4/avito_shop/internal/usecase/mocks/IShopRepository.go:76.2,76.66 1 0
github.com/k1v4/avito_shop/internal/usecase/mocks/IShopRepository.go:76.66,78.3 1 0
github.com/k1v4/avito_shop/internal/usecase/mocks/IShopRepository.go:78.8,80.3 1 0
github.com/k1v4/avito_shop/internal/usecase/mocks/IShopRepository.go:82.2,82.65 1 0
github.com/k1v4/avito_shop/internal/usecase/mocks/IShopRepository.go:82.65,84.3 1 0
github.com/k1v4/avito_shop/internal/usecase/mocks/IShopRepository.go:84.8,86.3 1 0
github.com/k1v4/avito_shop/internal/usecase/mocks/IShopRepository.go:88.2,88.15 1 0
github.com/k1v4/avito_shop/internal/usecase/mocks/IShopRepository.go:92.99,95.19 2 0
github.com/k1v4/avito_shop/internal/usecase/mocks/IShopRepository.go:95.19,96.55 1 0
github.com/k1v4/avito_shop/internal/usecase/mocks/IShopRepository.go:99.2,101.83 3 0
github.com/k1v4/avito_shop/internal/usecase/mocks/IShopRepository.go:101.83,103.3 1 0
github.com/k1v4/avito_shop/internal/usecase/mocks/IShopRepository.go:104.2,104.74 1 0
github.com/k1v4/avito_shop/internal/usecase/mocks/IShopRepository.go:104.74,106.3 1 0
github.com/k1v4/avito_shop/internal/usecase/mocks/IShopRepository.go:106.8,108.3 1 0
github.com/k1v4/avito_shop/internal/usecase/mocks/IShopRepository.go:110.2,110.68 1 0
github.com/k1v4/avito_shop/internal/usecase/mocks/IShopRepository.go:110.68,112.3 1 0
github.com/k1v4/avito_shop/internal/usecase/mocks/IShopRepository.go:112.8,114.3 1 0
github.com/k1v4/avito_shop/internal/usecase/mocks/IShopRepository.go:116.2,116.15 1 0
github.com/k1v4/avito_shop/internal/usecase/mocks/IShopRepository.go:120.99,123.19 2 0
github.com/k1v4/avito_shop/internal/usecase/mocks/IShopRepository.go:123.19,124.53 1 0
github.com/k1v4/avito_shop/internal/usecase/mocks/IShopRepository.go:127.2,129.85 3 0
github.com/k1v4/avito_shop/internal/usecase/mocks/IShopRepository.go:129.85,131.3 1 0
github.com/k1v4/avito_shop/internal/usecase/mocks/IShopRepository.go:132.2,132.76 1 0
github.com/k1v4/avito_shop/internal/usecase/mocks/IShopRepository.go:132.76,134.3 1 0
github.com/k1v4/avito_shop/internal/usecase/mocks/IShopRepository.go:134.8,136.3 1 0
github.com/k1v4/avito_shop/internal/usecase/mocks/IShopRepository.go:138.2,138.65 1 0
github.com/k1v4/avito_shop/internal/usecase/mocks/IShopRepository.go:138.65,140.3 1 0
github.com/k1v4/avito_shop/internal/usecase/mocks/IShopRepository.go:140.8,142.3 1 0
github.com/k1v4/avito_shop/internal/usecase/mocks/IShopRepository.go:144.2,144.15 1 0
github.com/k1v4/avito_shop/internal/usecase/mocks/IShopRepository.go:148.94,151.19 2 0
github.com/k1v4/avito_shop/internal/usecase/mocks/IShopRepository.go:151.19,152.53 1 0
github.com/k1v4/avito_shop/internal/usecase/mocks/IShopRepository.go:155.2,157.80 3 0
github.com/k1v4/avito_shop/internal/usecase/mocks/IShopRepository.go:157.80,159.3 1 0
github.com/k1v4/avito_shop/internal/usecase/mocks/IShopRepository.go:160.2,160.71 1 0
github.com/k1v4/avito_shop/internal/usecase/mocks/IShopRepository.go:160.71,162.3 1 0
github.com/k1v4/avito_shop/internal/usecase/mocks/IShopRepository.go:162.8,164.3 1 0
github.com/k1v4/avito_shop/internal/usecase/mocks/IShopRepository.go:166.2,166.65 1 0
github.com/k1v4/avito_shop/internal/usecase/mocks/IShopRepository.go:166.65,168.3 1 0
github.com/k1v4/avito_shop/internal/usecase/mocks/IShopRepository.go:168.8,170.3 1 0
github.com/k1v4/avito_shop/internal/usecase/mocks/IShopRepository.go:172.2,172.15 1 0
github.com/k1v4/avito_shop/internal/usecase/mocks/IShopRepository.go:176.108,179.19 2 0
github.com/k1v4/avito_shop/internal/usecase/mocks/IShopRepository.go:179.19,180.52 1 0
github.com/k1v4/avito_shop/internal/usecase/mocks/IShopRepository.go:183.2,184.75 2 0
github.com/k1v4/avito_shop/internal/usecase/mocks/IShopRepository.go:184.75,186.3 1 0
github.com/k1v4/avito_shop/internal/usecase/mocks/IShopRepository.go:186.8,188.3 1 0
github.com/k1v4/avito_shop/internal/usecase/mocks/IShopRepository.go:190.2,190.11 1 0
github.com/k1v4/avito_shop/internal/usecase/mocks/IShopRepository.go:194.105,197.19 2 0
github.com/k1v4/avito_shop/internal/usecase/mocks/IShopRepository.go:197.19,198.50 1 0
github.com/k1v4/avito_shop/internal/usecase/mocks/IShopRepository.go:201.2,203.83 3 0
github.com/k1v4/avito_shop/internal/usecase/mocks/IShopRepository.go:203.83,205.3 1 0
github.com/k1v4/avito_shop/internal/usecase/mocks/IShopRepository.go:206.2,206.74 1 0
github.com/k1v4/avito_shop/internal/usecase/mocks/IShopRepository.go:206.74,208.3 1 0
github.com/k1v4/avito_shop/internal/usecase/mocks/IShopRepository.go:208.8,210.3 1 0
github.com/k1v4/avito_shop/internal/usecase/mocks/IShopRepository.go:212.2,212.76 1 0
github.com/k1v4/avito_shop/internal/usecase/mocks/IShopRepository.go:212.76,214.3 1 0
github.com/k1v4/avito_shop/internal/usecase/mocks/IShopRepository.go:214.8,216.3 1 0
github.com/k1v4/avito_shop/internal/usecase/mocks/IShopRepository.go:218.2,218.15 1 0
github.com/k1v4/avito_shop/internal/usecase/mocks/IShopRepository.go:222.93,225.19 2 0
github.com/k1v4/avito_shop/internal/usecase/mocks/IShopRepository.go:225.19,226.55 1 0
github.com/k1v4/avito_shop/internal/usecase/mocks/IShopRepository.go:229.2,230.70 2 0
github.com/k1v4/avito_shop/internal/usecase/mocks/IShopRepository.go:230.70,232.3 1 0
github.com/k1v4/avito_shop/internal/usecase/mocks/IShopRepository.go:232.8,234.3 1 0
github.com/k1v4/avito_shop/internal/usecase/mocks/IShopRepository.go:236.2,236.11 1 0
github.com/k1v4/avito_shop/internal/usecase/mocks/IShopRepository.go:240.105,243.19 2 0
github.com/k1v4/avito_shop/internal/usecase/mocks/IShopRepository.go:243.19,244.53 1 0
github.com/k1v4/avito_shop/internal/usecase/mocks/IShopRepository.go:247.2,249.91 3 0
github.com/k1v4/avito_shop/internal/usecase/mocks/IShopRepository.go:249.91,251.3 1 0
github.com/k1v4/avito_shop/internal/usecase/mocks/IShopRepository.go:252.2,252.82 1 0
github.com/k1v4/avito_shop/internal/usecase/mocks/IShopRepository.go:252.82,254.3 1 0
github.com/k1v4/avito_shop/internal/usecase/mocks/IShopRepository.go:254.8,255.24 1 0
github.com/k1v4/avito_shop/internal/usecase/mocks/IShopRepository.go:255.24,257.4 1 0
github.com/k1v4/avito_shop/internal/usecase/mocks/IShopRepository.go:260.2,260.65 1 0
github.com/k1v4/avito_shop/internal/usecase/mocks/IShopRepository.go:260.65,262.3 1 0
github.com/k1v4/avito_shop/internal/usecase/mocks/IShopRepository.go:262.8,264.3 1 0
github.com/k1v4/avito_shop/internal/usecase/mocks/IShopRepository.go:266.2,266.15 1 0
github.com/k1v4/avito_shop/internal/usecase/mocks/IShopRepository.go:274.21,278.19 3 0
github.com/k1v4/avito_shop/internal/usecase/mocks/IShopRepository.go:278.19,278.49 1 0
github.com/k1v4/avito_shop/internal/usecase/mocks/IShopRepository.go:280.2,280.13 1 0
github.com/k1v4/avito_shop/internal/usecase/mocks/IShopService.go:18.89,21.19 2 1
github.com/k1v4/avito_shop/internal/usecase/mocks/IShopService.go:21.19,22.49 1 0
github.com/k1v4/avito_shop/internal/usecase/mocks/IShopService.go:25.2,26.73 2 1
github.com/k1v4/avito_shop/internal/usecase/mocks/IShopService.go:26.73,28.3 1 0
github.com/k1v4/avito_shop/internal/usecase/mocks/IShopService.go:28.8,30.3 1 1
github.com/k1v4/avito_shop/internal/usecase/mocks/IShopService.go:32.2,32.11 1 1
github.com/k1v4/avito_shop/internal/usecase/mocks/IShopService.go:36.95,39.19 2 1
github.com/k1v4/avito_shop/internal/usecase/mocks/IShopService.go:39.19,40.49 1 0
github.com/k1v4/avito_shop/internal/usecase/mocks/IShopService.go:43.2,45.88 3 1
github.com/k1v4/avito_shop/internal/usecase/mocks/IShopService.go:45.88,47.3 1 0
github.com/k1v4/avito_shop/internal/usecase/mocks/IShopService.go:48.2,48.79 1 1
github.com/k1v4/avito_shop/internal/usecase/mocks/IShopService.go:48.79,50.3 1 0
github.com/k1v4/avito_shop/internal/usecase/mocks/IShopService.go:50.8,52.3 1 1
github.com/k1v4/avito_shop/internal/usecase/mocks/IShopService.go:54.2,54.65 1 1
github.com/k1v4/avito_shop/internal/usecase/mocks/IShopService.go:54.65,56.3 1 0
github.com/k1v4/avito_shop/internal/usecase/mocks/IShopService.go:56.8,58.3 1 1
github.com/k1v4/avito_shop/internal/usecase/mocks/IShopService.go:60.2,60.15 1 1
github.com/k1v4/avito_shop/internal/usecase/mocks/IShopService.go:64.102,67.19 2 1
github.com/k1v4/avito_shop/internal/usecase/mocks/IShopService.go:67.19,68.47 1 0
github.com/k1v4/avito_shop/internal/usecase/mocks/IShopService.go:71.2,73.86 3 1
github.com/k1v4/avito_shop/internal/usecase/mocks/IShopService.go:73.86,75.3 1 0
github.com/k1v4/avito_shop/internal/usecase/mocks/IShopService.go:76.2,76.77 1 1
github.com/k1v4/avito_shop/internal/usecase/mocks/IShopService.go:76.77,78.3 1 0
github.com/k1v4/avito_shop/internal/usecase/mocks/IShopService.go:78.8,80.3 1 1
github.com/k1v4/avito_shop/internal/usecase/mocks/IShopService.go:82.2,82.76 1 1
github.com/k1v4/avito_shop/internal/usecase/mocks/IShopService.go:82.76,84.3 1 0
github.com/k1v4/avito_shop/internal/usecase/mocks/IShopService.go:84.8,86.3 1 1
github.com/k1v4/avito_shop/internal/usecase/mocks/IShopService.go:88.2,88.15 1 1
github.com/k1v4/avito_shop/internal/usecase/mocks/IShopService.go:92.105,95.19 2 0
github.com/k1v4/avito_shop/internal/usecase/mocks/IShopService.go:95.19,96.50 1 0
github.com/k1v4/avito_shop/internal/usecase/mocks/IShopService.go:99.2,101.86 3 0
github.com/k1v4/avito_shop/internal/usecase/mocks/IShopService.go:101.86,103.3 1 0
github.com/k1v4/avito_shop/internal/usecase/mocks/IShopService.go:104.2,104.77 1 0
github.com/k1v4/avito_shop/internal/usecase/mocks/IShopService.go:104.77,106.3 1 0
github.com/k1v4/avito_shop/internal/usecase/mocks/IShopService.go:106.8,108.3 1 0
github.com/k1v4/avito_shop/internal/usecase/mocks/IShopService.go:110.2,110.76 1 0
github.com/k1v4/avito_shop/internal/usecase/mocks/IShopService.go:110.76,112.3 1 0
github.com/k1v4/avito_shop/internal/usecase/mocks/IShopService.go:112.8,114.3 1 0
github.com/k1v4/avito_shop/internal/usecase/mocks/IShopService.go:116.2,116.15 1 0
github.com/k1v4/avito_shop/internal/usecase/mocks/IShopService.go:120.109,123.19 2 1
github.com/k1v4/avito_shop/internal/usecase/mocks/IShopService.go:123.19,124.51 1 0
github.com/k1v4/avito_shop/internal/usecase/mocks/IShopService.go:127.2,128.78 2 1
github.com/k1v4/avito_shop/internal/usecase/mocks/IShopService.go:128.78,130.3 1 0
github.com/k1v4/avito_shop/internal/usecase/mocks/IShopService.go:130.8,132.3 1 1
github.com/k1v4/avito_shop/internal/usecase/mocks/IShopService.go:134.2,134.11 1 1
github.com/k1v4/avito_shop/internal/usecase/mocks/IShopService.go:142.18,146.19 3 0
github.com/k1v4/avito_shop/internal/usecase/mocks/IShopService.go:146.19,146.49 1 0
github.com/k1v4/avito_shop/internal/usecase/mocks/IShopService.go:148.2,148.13 1 0
github.com/k1v4/avito_shop/pkg/jwtPkg/jwt.go:16.73,26.16 7 0
github.com/k1v4/avito_shop/pkg/jwtPkg/jwt.go:26.16,28.3 1 0
github.com/k1v4/avito_shop/pkg/jwtPkg/jwt.go:30.2,30.25 1 0
github.com/k1v4/avito_shop/pkg/jwtPkg/jwt.go:33.42,35.23 2 1
github.com/k1v4/avito_shop/pkg/jwtPkg/jwt.go:35.23,37.3 1 1
github.com/k1v4/avito_shop/pkg/jwtPkg/jwt.go:38.2,38.51 1 1
github.com/k1v4/avito_shop/pkg/jwtPkg/jwt.go:41.65,43.83 1 1
github.com/k1v4/avito_shop/pkg/jwtPkg/jwt.go:43.83,45.58 1 1
github.com/k1v4/avito_shop/pkg/jwtPkg/jwt.go:45.58,47.4 1 0
github.com/k1v4/avito_shop/pkg/jwtPkg/jwt.go:48.3,48.29 1 1
github.com/k1v4/avito_shop/pkg/jwtPkg/jwt.go:50.2,50.16 1 1
github.com/k1v4/avito_shop/pkg/jwtPkg/jwt.go:50.16,52.3 1 1
github.com/k1v4/avito_shop/pkg/jwtPkg/jwt.go:55.2,55.67 1 1
github.com/k1v4/avito_shop/pkg/jwtPkg/jwt.go:55.67,58.14 2 1
github.com/k1v4/avito_shop/pkg/jwtPkg/jwt.go:58.14,60.4 1 0
github.com/k1v4/avito_shop/pkg/jwtPkg/jwt.go:63.3,63.45 1 1
github.com/k1v4/avito_shop/pkg/jwtPkg/jwt.go:63.45,64.38 1 1
github.com/k1v4/avito_shop/pkg/jwtPkg/jwt.go:64.38,66.5 1 0
github.com/k1v4/avito_shop/pkg/jwtPkg/jwt.go:69.3,69.26 1 1
github.com/k1v4/avito_shop/pkg/jwtPkg/jwt.go:72.2,72.39 1 0
github.com/k1v4/avito_shop/pkg/logger/logger.go:25.77,28.33 2 0
github.com/k1v4/avito_shop/pkg/logger/logger.go:28.33,30.3 1 0
github.com/k1v4/avito_shop/pkg/logger/logger.go:32.2,32.31 1 0
github.com/k1v4/avito_shop/pkg/logger/logger.go:35.78,38.33 2 0
github.com/k1v4/avito_shop/pkg/logger/logger.go:38.33,40.3 1 0
github.com/k1v4/avito_shop/pkg/logger/logger.go:42.2,42.32 1 0
github.com/k1v4/avito_shop/pkg/logger/logger.go:45.55,47.2 1 0
github.com/k1v4/avito_shop/pkg/logger/logger.go:49.25,51.16 2 0
github.com/k1v4/avito_shop/pkg/logger/logger.go:51.16,52.13 1 0
github.com/k1v4/avito_shop/pkg/logger/logger.go:54.2,59.3 2 0
